2014-10-12 07:10:22.774 [info] <0.7.0> Application lager started on node 'zotonic001@between-single'
2014-10-12 07:10:22.816 [info] <0.128.0>@exometer_report:do_start_reporters:614 Starting reporters with []
2014-10-12 07:10:22.817 [info] <0.7.0> Application exometer started on node 'zotonic001@between-single'
2014-10-12 07:10:22.825 [info] <0.7.0> Application depcache started on node 'zotonic001@between-single'
2014-10-12 07:10:22.838 [info] <0.7.0> Application mimetypes started on node 'zotonic001@between-single'
2014-10-12 07:10:22.917 [info] <0.7.0> Application inets started on node 'zotonic001@between-single'
2014-10-12 07:10:22.941 [info] <0.7.0> Application asn1 started on node 'zotonic001@between-single'
2014-10-12 07:10:22.941 [info] <0.7.0> Application public_key started on node 'zotonic001@between-single'
2014-10-12 07:10:22.965 [info] <0.7.0> Application ssl started on node 'zotonic001@between-single'
2014-10-12 07:10:22.971 [info] <0.7.0> Application xmerl started on node 'zotonic001@between-single'
2014-10-12 07:10:22.971 [info] <0.7.0> Application mochiweb started on node 'zotonic001@between-single'
2014-10-12 07:10:22.981 [info] <0.7.0> Application sendfile started on node 'zotonic001@between-single'
2014-10-12 07:10:23.085 [info] <0.7.0> Application webzmachine started on node 'zotonic001@between-single'
2014-10-12 07:10:23.086 [info] <0.7.0> Application z_stdlib started on node 'zotonic001@between-single'
2014-10-12 07:10:23.087 [info] <0.7.0> Application poolboy started on node 'zotonic001@between-single'
2014-10-12 07:10:23.104 [info] <0.7.0> Application jobs started on node 'zotonic001@between-single'
2014-10-12 07:10:23.129 [info] <0.7.0> Application gproc started on node 'zotonic001@between-single'
2014-10-12 07:10:23.175 [info] <0.197.0> filezcache: repopulating cache with 0 keys
2014-10-12 07:10:23.175 [info] <0.197.0> filezcache: scanning cache directory for unknown files.
2014-10-12 07:10:23.177 [info] <0.7.0> Application filezcache started on node 'zotonic001@between-single'
2014-10-12 07:10:23.188 [info] <0.7.0> Application s3filez started on node 'zotonic001@between-single'
2014-10-12 07:10:23.197 [info] <0.7.0> Application qdate started on node 'zotonic001@between-single'
2014-10-12 07:10:23.335 [info] <0.216.0>@emqtt_app:start:35 starting emqtt on node 'zotonic001@between-single'
2014-10-12 07:10:23.355 [info] <0.218.0>@emqtt_auth:init:55 emqtt_auth is started
2014-10-12 07:10:23.359 [info] <0.219.0>@emqtt_retained:init:71 emqtt_retained is started.
2014-10-12 07:10:23.374 [info] <0.220.0>@emqtt_router:init:102 emqtt_router is started.
2014-10-12 07:10:23.377 [info] <0.236.0>@emqtt_registry:init:56 emqtt_registry is started.
2014-10-12 07:10:23.380 [info] <0.237.0>@emqtt_client_monitor:init:46 emqtt_client_monitor is started.
2014-10-12 07:10:23.388 [info] <0.216.0>@emqtt_app:start:38 emqtt broker is running now.
2014-10-12 07:10:23.388 [info] <0.7.0> Application emqtt started on node 'zotonic001@between-single'
2014-10-12 07:10:24.101 [info] <0.254.0> gen_smtp_server starting at 'zotonic001@between-single'

2014-10-12 07:10:24.104 [info] <0.254.0> gen_smtp_server listening on {0,0,0,0}:2525 via tcp

2014-10-12 07:10:24.246 [info] <0.257.0>@z_sites_manager:handle_cast:231 Site started: zotonic_status (<0.260.0>)
2014-10-12 07:10:24.293 [info] <0.7.0> Application zotonic started on node 'zotonic001@between-single'
2014-10-12 07:10:28.078 [info] <0.245.0>@zotonic_sup:init:148 
2014-10-12 07:10:28.078 [info] <0.245.0>@zotonic_sup:init:149 Zotonic started
2014-10-12 07:10:28.078 [info] <0.245.0>@zotonic_sup:init:150 ===============
2014-10-12 07:10:28.078 [info] <0.245.0>@zotonic_sup:init:151 Config files used:
2014-10-12 07:10:28.078 [info] <0.245.0>@zotonic_sup:init:152 - /home/codio/.zotonic/0.12/erlang.config
2014-10-12 07:10:28.078 [info] <0.245.0>@zotonic_sup:init:152 - /home/codio/.zotonic/0.12/zotonic.config
2014-10-12 07:10:28.078 [info] <0.245.0>@zotonic_sup:init:153 
2014-10-12 07:10:28.078 [info] <0.245.0>@zotonic_sup:init:154 Web server listening on IPv4 any:8000
2014-10-12 07:10:28.078 [info] <0.245.0>@zotonic_sup:init:156 Web server listening on IPv6 ::8000
2014-10-12 07:10:28.078 [info] <0.245.0>@zotonic_sup:init:159 
2014-10-12 07:14:03.145 [info] <0.7.0> Application lager started on node 'zotonic001@between-single'
2014-10-12 07:14:03.184 [info] <0.132.0>@exometer_report:do_start_reporters:614 Starting reporters with []
2014-10-12 07:14:03.184 [info] <0.7.0> Application exometer started on node 'zotonic001@between-single'
2014-10-12 07:14:03.192 [info] <0.7.0> Application depcache started on node 'zotonic001@between-single'
2014-10-12 07:14:03.203 [info] <0.7.0> Application mimetypes started on node 'zotonic001@between-single'
2014-10-12 07:14:03.280 [info] <0.7.0> Application inets started on node 'zotonic001@between-single'
2014-10-12 07:14:03.305 [info] <0.7.0> Application asn1 started on node 'zotonic001@between-single'
2014-10-12 07:14:03.305 [info] <0.7.0> Application public_key started on node 'zotonic001@between-single'
2014-10-12 07:14:03.330 [info] <0.7.0> Application ssl started on node 'zotonic001@between-single'
2014-10-12 07:14:03.335 [info] <0.7.0> Application xmerl started on node 'zotonic001@between-single'
2014-10-12 07:14:03.335 [info] <0.7.0> Application mochiweb started on node 'zotonic001@between-single'
2014-10-12 07:14:03.342 [info] <0.7.0> Application sendfile started on node 'zotonic001@between-single'
2014-10-12 07:14:03.483 [info] <0.7.0> Application webzmachine started on node 'zotonic001@between-single'
2014-10-12 07:14:03.485 [info] <0.7.0> Application z_stdlib started on node 'zotonic001@between-single'
2014-10-12 07:14:03.487 [info] <0.7.0> Application poolboy started on node 'zotonic001@between-single'
2014-10-12 07:14:03.512 [info] <0.7.0> Application jobs started on node 'zotonic001@between-single'
2014-10-12 07:14:03.536 [info] <0.7.0> Application gproc started on node 'zotonic001@between-single'
2014-10-12 07:14:03.571 [info] <0.196.0> filezcache: repopulating cache with 0 keys
2014-10-12 07:14:03.571 [info] <0.196.0> filezcache: scanning cache directory for unknown files.
2014-10-12 07:14:03.574 [info] <0.7.0> Application filezcache started on node 'zotonic001@between-single'
2014-10-12 07:14:03.583 [info] <0.7.0> Application s3filez started on node 'zotonic001@between-single'
2014-10-12 07:14:03.589 [info] <0.7.0> Application qdate started on node 'zotonic001@between-single'
2014-10-12 07:14:03.679 [info] <0.215.0>@emqtt_app:start:35 starting emqtt on node 'zotonic001@between-single'
2014-10-12 07:14:03.693 [info] <0.217.0>@emqtt_auth:init:55 emqtt_auth is started
2014-10-12 07:14:03.696 [info] <0.218.0>@emqtt_retained:init:71 emqtt_retained is started.
2014-10-12 07:14:03.701 [info] <0.219.0>@emqtt_router:init:102 emqtt_router is started.
2014-10-12 07:14:03.703 [info] <0.226.0>@emqtt_registry:init:56 emqtt_registry is started.
2014-10-12 07:14:03.706 [info] <0.227.0>@emqtt_client_monitor:init:46 emqtt_client_monitor is started.
2014-10-12 07:14:03.713 [info] <0.215.0>@emqtt_app:start:38 emqtt broker is running now.
2014-10-12 07:14:03.713 [info] <0.7.0> Application emqtt started on node 'zotonic001@between-single'
2014-10-12 07:14:04.345 [info] <0.239.0> gen_smtp_server starting at 'zotonic001@between-single'

2014-10-12 07:14:04.348 [info] <0.239.0> gen_smtp_server listening on {0,0,0,0}:2525 via tcp

2014-10-12 07:14:04.476 [info] <0.242.0>@z_sites_manager:handle_cast:231 Site started: zotonic_status (<0.245.0>)
2014-10-12 07:14:04.512 [info] <0.7.0> Application zotonic started on node 'zotonic001@between-single'
2014-10-12 07:14:08.326 [info] <0.235.0>@zotonic_sup:init:148 
2014-10-12 07:14:08.326 [info] <0.235.0>@zotonic_sup:init:149 Zotonic started
2014-10-12 07:14:08.326 [info] <0.235.0>@zotonic_sup:init:150 ===============
2014-10-12 07:14:08.326 [info] <0.235.0>@zotonic_sup:init:151 Config files used:
2014-10-12 07:14:08.326 [info] <0.235.0>@zotonic_sup:init:152 - /home/codio/.zotonic/0.12/erlang.config
2014-10-12 07:14:08.326 [info] <0.235.0>@zotonic_sup:init:152 - /home/codio/.zotonic/0.12/zotonic.config
2014-10-12 07:14:08.326 [info] <0.235.0>@zotonic_sup:init:153 
2014-10-12 07:14:08.326 [info] <0.235.0>@zotonic_sup:init:154 Web server listening on IPv4 any:3000
2014-10-12 07:14:08.326 [info] <0.235.0>@zotonic_sup:init:156 Web server listening on IPv6 ::3000
2014-10-12 07:14:08.326 [info] <0.235.0>@zotonic_sup:init:159 
